2025-06-11 14:33:18,126 - twisted - 279 - INFO - POST-1 - Verification code: 935203
2025-06-11 14:33:18,274 - synapse.handlers.phone_verification - 199 - ERROR - POST-1 - ClickSend API error when sending SMS to +2348166406459: (403)
Reason: Forbidden
HTTP response headers: HTTPHeaderDict({'Date': 'Wed, 11 Jun 2025 13:33:18 GMT', 'Content-Type': 'text/html; charset=UTF-8', 'Content-Length': '6054', 'Connection': 'close', 'X-Frame-Options': 'SAMEORIGIN', 'Referrer-Policy': 'same-origin', 'Cache-Control': 'private, max-age=0, no-store, no-cache, must-revalidate, post-check=0, pre-check=0', 'Expires': 'Thu, 01 Jan 1970 00:00:01 GMT', 'Vary': 'Accept-Encoding', 'Server': 'cloudflare', 'CF-RAY': '94e17abddd1b534a-LOS'})
HTTP response body: <!DOCTYPE html>
<!--[if lt IE 7]> <html class="no-js ie6 oldie" lang="en-US"> <![endif]-->
<!--[if IE 7]>    <html class="no-js ie7 oldie" lang="en-US"> <![endif]-->
<!--[if IE 8]>    <html class="no-js ie8 oldie" lang="en-US"> <![endif]-->
<!--[if gt IE 8]><!--> <html class="no-js" lang="en-US"> <!--<![endif]-->
<head>
<title>Edge IP Restricted | rest.clicksend.com | Cloudflare</title>
<meta charset="UTF-8" />
<meta http-equiv="Content-Type" content="text/html; charset=UTF-8" />
<meta http-equiv="X-UA-Compatible" content="IE=Edge" />
<meta name="robots" content="noindex, nofollow" />
<meta name="viewport" content="width=device-width,initial-scale=1" />
<link rel="stylesheet" id="cf_styles-css" href="/cdn-cgi/styles/main.css" />


<script>
(function(){if(document.addEventListener&&window.XMLHttpRequest&&JSON&&JSON.stringify){var e=function(a){var c=document.getElementById("error-feedback-survey"),d=document.getElementById("error-feedback-success"),b=new XMLHttpRequest;a={event:"feedback clicked",properties:{errorCode:1034,helpful:a,version:1}};b.open("POST","https://sparrow.cloudflare.com/api/v1/event");b.setRequestHeader("Content-Type","application/json");b.setRequestHeader("Sparrow-Source-Key","c771f0e4b54944bebf4261d44bd79a1e");
b.send(JSON.stringify(a));c.classList.add("feedback-hidden");d.classList.remove("feedback-hidden")};document.addEventListener("DOMContentLoaded",function(){var a=document.getElementById("error-feedback"),c=document.getElementById("feedback-button-yes"),d=document.getElementById("feedback-button-no");"classList"in a&&(a.classList.remove("feedback-hidden"),c.addEventListener("click",function(){e(!0)}),d.addEventListener("click",function(){e(!1)}))})}})();
</script>

<script defer src="https://performance.radar.cloudflare.com/beacon.js"></script>
</head>
<body>
  <div id="cf-wrapper">
    <div class="cf-alert cf-alert-error cf-cookie-error hidden" id="cookie-alert" data-translate="enable_cookies">Please enable cookies.</div>
    <div id="cf-error-details" class="p-0">
      <header class="mx-auto pt-10 lg:pt-6 lg:px-8 w-240 lg:w-full mb-15 antialiased">
         <h1 class="inline-block md:block mr-2 md:mb-2 font-light text-60 md:text-3xl text-black-dark leading-tight">
           <span data-translate="error">Error</span>
           <span>1034</span>
         </h1>
         <span class="inline-block md:block heading-ray-id font-mono text-15 lg:text-sm lg:leading-relaxed">Ray ID: 94e17abddd1b534a &bull;</span>
         <span class="inline-block md:block heading-ray-id font-mono text-15 lg:text-sm lg:leading-relaxed">2025-06-11 13:33:18 UTC</span>
        <h2 class="text-gray-600 leading-1.3 text-3xl lg:text-2xl font-light">Edge IP Restricted</h2>
      </header>

      <section class="w-240 lg:w-full mx-auto mb-8 lg:px-8">
          <div id="what-happened-section" class="w-1/2 md:w-full">
            <h2 class="text-3xl leading-tight font-normal mb-4 text-black-dark antialiased" data-translate="what_happened">What happened?</h2>
            <p>You've requested a page on a website that is part of the <a href="https://www.cloudflare.com/5xx-error-landing/" target="_blank">Cloudflare</a> network. The host (rest.clicksend.com) resolved to an IP address that the owner of the website does not have access to.</p>
            
          </div>

          
          <div id="resolution-copy-section" class="w-1/2 mt-6 text-15 leading-normal">
            <h2 class="text-3xl leading-tight font-normal mb-4 text-black-dark antialiased" data-translate="what_can_i_do">What can I do?</h2>
            <p><strong>If you are a visitor of this website:</strong><br />Please try again in a few minutes.</p><p><strong>If you are the owner of this website:</strong><br />Check your DNS records to ensure they are pointed to the IP address(es) you were assigned at registration.</p>
          </div>
          
      </section>

      <div class="feedback-hidden py-8 text-center" id="error-feedback">
    <div id="error-feedback-survey" class="footer-line-wrapper">
        Was this page helpful?
        <button class="border border-solid bg-white cf-button cursor-pointer ml-4 px-4 py-2 rounded" id="feedback-button-yes" type="button">Yes</button>
        <button class="border border-solid bg-white cf-button cursor-pointer ml-4 px-4 py-2 rounded" id="feedback-button-no" type="button">No</button>
    </div>
    <div class="feedback-success feedback-hidden" id="error-feedback-success">
        Thank you for your feedback!
    </div>
</div>


      <div class="cf-error-footer cf-wrapper w-240 lg:w-full py-10 sm:py-4 sm:px-8 mx-auto text-center sm:text-left border-solid border-0 border-t border-gray-300">
  <p class="text-13">
    <span class="cf-footer-item sm:block sm:mb-1">Cloudflare Ray ID: <strong class="font-semibold">94e17abddd1b534a</strong></span>
    <span class="cf-footer-separator sm:hidden">&bull;</span>
    <span id="cf-footer-item-ip" class="cf-footer-item hidden sm:block sm:mb-1">
      Your IP:
      <button type="button" id="cf-footer-ip-reveal" class="cf-footer-ip-reveal-btn">Click to reveal</button>
      <span class="hidden" id="cf-footer-ip">102.88.53.135</span>
      <span class="cf-footer-separator sm:hidden">&bull;</span>
    </span>
    <span class="cf-footer-item sm:block sm:mb-1"><span>Performance &amp; security by</span> <a rel="noopener noreferrer" href="https://www.cloudflare.com/5xx-error-landing" id="brand_link" target="_blank">Cloudflare</a></span>
    
  </p>
  <script>(function(){function d(){var b=a.getElementById("cf-footer-item-ip"),c=a.getElementById("cf-footer-ip-reveal");b&&"classList"in b&&(b.classList.remove("hidden"),c.addEventListener("click",function(){c.classList.add("hidden");a.getElementById("cf-footer-ip").classList.remove("hidden")}))}var a=document;document.addEventListener&&a.addEventListener("DOMContentLoaded",d)})();</script>
</div><!-- /.error-footer -->


    </div><!-- /#cf-error-details -->
  </div><!-- /#cf-wrapper -->

  <script>
  window._cf_translation = {};
  
  
</script>

</body>
</html>


2025-06-11 14:33:18,275 - synapse.rest.client.register - 1071 - WARNING - POST-1 - Failed to send SMS to +2348166406459, but continuing flow
2025-06-11 14:33:18,275 - synapse.rest.client.register - 1076 - INFO - POST-1 - Phone verification initiated for +2348166406459, session: roaBvelRfLyIFjDRPzjArnht, login, SMS sent: False
2025-06-11 14:33:18,276 - synapse.access.http.8008 - 508 - INFO - POST-1 - 127.0.0.1 - 8008 - {None} Processed request: 0.157sec/0.000sec (0.000sec, 0.000sec) (0.001sec/0.009sec/6) 51B 200 "POST /_matrix/client/v3/register/phone/requestToken HTTP/1.1" "PostmanRuntime/7.44.0" [0 dbevts]
2025-06-11 14:33:31,477 - synapse.storage.databases.main.event_push_actions - 1396 - INFO - rotate_notifs-1 - Rotating notifications
2025-06-11 14:33:31,479 - synapse.storage.databases.main.event_push_actions - 1599 - INFO - rotate_notifs-1 - Rotating notifications up to: 1
2025-06-11 14:33:31,483 - synapse.storage.databases.main.event_push_actions - 1685 - INFO - rotate_notifs-1 - Rotating notifications, handling 0 rows
2025-06-11 14:33:31,488 - synapse.storage.databases.main.event_push_actions - 1770 - INFO - rotate_notifs-1 - Rotating notifications, deleted 0 push actions
2025-06-11 14:33:31,505 - synapse.util.caches.lrucache - 217 - INFO - LruCache._expire_old_entries-1 - Dropped 0 items from caches
2025-06-11 14:34:01,476 - synapse.storage.databases.main.event_push_actions - 1396 - INFO - rotate_notifs-2 - Rotating notifications
2025-06-11 14:34:01,479 - synapse.storage.databases.main.event_push_actions - 1599 - INFO - rotate_notifs-2 - Rotating notifications up to: 1
2025-06-11 14:34:01,481 - synapse.storage.databases.main.event_push_actions - 1685 - INFO - rotate_notifs-2 - Rotating notifications, handling 0 rows
2025-06-11 14:34:01,487 - synapse.storage.databases.main.event_push_actions - 1770 - INFO - rotate_notifs-2 - Rotating notifications, deleted 0 push actions
2025-06-11 14:34:01,503 - synapse.util.caches.lrucache - 217 - INFO - LruCache._expire_old_entries-2 - Dropped 0 items from caches
2025-06-11 14:34:18,282 - twisted - 279 - INFO - sentinel - Timing out client: IPv4Address(type='TCP', host='127.0.0.1', port=60371)
2025-06-11 14:34:31,478 - synapse.storage.databases.main.event_push_actions - 1396 - INFO - rotate_notifs-3 - Rotating notifications
2025-06-11 14:34:31,481 - synapse.storage.databases.main.event_push_actions - 1599 - INFO - rotate_notifs-3 - Rotating notifications up to: 1
2025-06-11 14:34:31,485 - synapse.storage.databases.main.event_push_actions - 1685 - INFO - rotate_notifs-3 - Rotating notifications, handling 0 rows
2025-06-11 14:34:31,490 - synapse.storage.databases.main.event_push_actions - 1770 - INFO - rotate_notifs-3 - Rotating notifications, deleted 0 push actions
2025-06-11 14:34:31,503 - synapse.util.caches.lrucache - 217 - INFO - LruCache._expire_old_entries-3 - Dropped 0 items from caches
2025-06-11 14:35:01,478 - synapse.storage.databases.main.event_push_actions - 1396 - INFO - rotate_notifs-4 - Rotating notifications
2025-06-11 14:35:01,480 - synapse.storage.databases.main.event_push_actions - 1599 - INFO - rotate_notifs-4 - Rotating notifications up to: 1
2025-06-11 14:35:01,483 - synapse.storage.databases.main.event_push_actions - 1685 - INFO - rotate_notifs-4 - Rotating notifications, handling 0 rows
2025-06-11 14:35:01,488 - synapse.storage.databases.main.event_push_actions - 1770 - INFO - rotate_notifs-4 - Rotating notifications, deleted 0 push actions
2025-06-11 14:35:01,503 - synapse.util.caches.lrucache - 217 - INFO - LruCache._expire_old_entries-4 - Dropped 0 items from caches
2025-06-11 14:35:31,477 - synapse.storage.databases.main.event_push_actions - 1396 - INFO - rotate_notifs-5 - Rotating notifications
2025-06-11 14:35:31,480 - synapse.storage.databases.main.event_push_actions - 1599 - INFO - rotate_notifs-5 - Rotating notifications up to: 1
2025-06-11 14:35:31,483 - synapse.storage.databases.main.event_push_actions - 1685 - INFO - rotate_notifs-5 - Rotating notifications, handling 0 rows
2025-06-11 14:35:31,487 - synapse.storage.databases.main.event_push_actions - 1770 - INFO - rotate_notifs-5 - Rotating notifications, deleted 0 push actions
2025-06-11 14:35:31,503 - synapse.util.caches.lrucache - 217 - INFO - LruCache._expire_old_entries-5 - Dropped 0 items from caches
2025-06-11 14:36:01,476 - synapse.storage.databases.main.event_push_actions - 1396 - INFO - rotate_notifs-6 - Rotating notifications
2025-06-11 14:36:01,477 - synapse.storage.databases.main.event_push_actions - 1599 - INFO - rotate_notifs-6 - Rotating notifications up to: 1
2025-06-11 14:36:01,479 - synapse.storage.databases.main.event_push_actions - 1685 - INFO - rotate_notifs-6 - Rotating notifications, handling 0 rows
2025-06-11 14:36:01,482 - synapse.storage.databases.main.event_push_actions - 1770 - INFO - rotate_notifs-6 - Rotating notifications, deleted 0 push actions
2025-06-11 14:36:01,504 - synapse.util.caches.lrucache - 217 - INFO - LruCache._expire_old_entries-6 - Dropped 0 items from caches
2025-06-11 14:36:31,476 - synapse.storage.databases.main.event_push_actions - 1396 - INFO - rotate_notifs-7 - Rotating notifications
2025-06-11 14:36:31,477 - synapse.storage.databases.main.event_push_actions - 1599 - INFO - rotate_notifs-7 - Rotating notifications up to: 1
2025-06-11 14:36:31,479 - synapse.storage.databases.main.event_push_actions - 1685 - INFO - rotate_notifs-7 - Rotating notifications, handling 0 rows
2025-06-11 14:36:31,481 - synapse.storage.databases.main.event_push_actions - 1770 - INFO - rotate_notifs-7 - Rotating notifications, deleted 0 push actions
2025-06-11 14:36:31,504 - synapse.util.caches.lrucache - 217 - INFO - LruCache._expire_old_entries-7 - Dropped 0 items from caches
2025-06-11 14:37:01,475 - synapse.storage.databases.main.event_push_actions - 1396 - INFO - rotate_notifs-8 - Rotating notifications
2025-06-11 14:37:01,477 - synapse.storage.databases.main.event_push_actions - 1599 - INFO - rotate_notifs-8 - Rotating notifications up to: 1
2025-06-11 14:37:01,479 - synapse.storage.databases.main.event_push_actions - 1685 - INFO - rotate_notifs-8 - Rotating notifications, handling 0 rows
2025-06-11 14:37:01,483 - synapse.storage.databases.main.event_push_actions - 1770 - INFO - rotate_notifs-8 - Rotating notifications, deleted 0 push actions
2025-06-11 14:37:01,504 - synapse.util.caches.lrucache - 217 - INFO - LruCache._expire_old_entries-8 - Dropped 0 items from caches
2025-06-11 14:37:31,476 - synapse.storage.databases.main.event_push_actions - 1396 - INFO - rotate_notifs-9 - Rotating notifications
2025-06-11 14:37:31,477 - synapse.storage.databases.main.event_push_actions - 1599 - INFO - rotate_notifs-9 - Rotating notifications up to: 1
2025-06-11 14:37:31,479 - synapse.storage.databases.main.event_push_actions - 1685 - INFO - rotate_notifs-9 - Rotating notifications, handling 0 rows
2025-06-11 14:37:31,482 - synapse.storage.databases.main.event_push_actions - 1770 - INFO - rotate_notifs-9 - Rotating notifications, deleted 0 push actions
2025-06-11 14:37:31,505 - synapse.util.caches.lrucache - 217 - INFO - LruCache._expire_old_entries-9 - Dropped 0 items from caches
2025-06-11 14:37:31,537 - synapse.storage.databases.main.metrics - 399 - INFO - generate_user_daily_visits-0 - Calling _generate_user_daily_visits
2025-06-11 14:38:01,474 - synapse.storage.databases.main.event_push_actions - 1396 - INFO - rotate_notifs-10 - Rotating notifications
2025-06-11 14:38:01,476 - synapse.storage.databases.main.event_push_actions - 1599 - INFO - rotate_notifs-10 - Rotating notifications up to: 1
2025-06-11 14:38:01,478 - synapse.storage.databases.main.event_push_actions - 1685 - INFO - rotate_notifs-10 - Rotating notifications, handling 0 rows
2025-06-11 14:38:01,481 - synapse.storage.databases.main.event_push_actions - 1770 - INFO - rotate_notifs-10 - Rotating notifications, deleted 0 push actions
2025-06-11 14:38:01,503 - synapse.util.caches.lrucache - 217 - INFO - LruCache._expire_old_entries-10 - Dropped 0 items from caches
2025-06-11 14:38:31,475 - synapse.storage.databases.main.event_push_actions - 1396 - INFO - rotate_notifs-11 - Rotating notifications
2025-06-11 14:38:31,478 - synapse.storage.databases.main.event_push_actions - 1599 - INFO - rotate_notifs-11 - Rotating notifications up to: 1
2025-06-11 14:38:31,481 - synapse.storage.databases.main.event_push_actions - 1685 - INFO - rotate_notifs-11 - Rotating notifications, handling 0 rows
2025-06-11 14:38:31,484 - synapse.storage.databases.main.event_push_actions - 1770 - INFO - rotate_notifs-11 - Rotating notifications, deleted 0 push actions
2025-06-11 14:38:31,504 - synapse.util.caches.lrucache - 217 - INFO - LruCache._expire_old_entries-11 - Dropped 0 items from caches
2025-06-11 14:39:01,476 - synapse.storage.databases.main.event_push_actions - 1396 - INFO - rotate_notifs-12 - Rotating notifications
2025-06-11 14:39:01,477 - synapse.storage.databases.main.event_push_actions - 1599 - INFO - rotate_notifs-12 - Rotating notifications up to: 1
2025-06-11 14:39:01,479 - synapse.storage.databases.main.event_push_actions - 1685 - INFO - rotate_notifs-12 - Rotating notifications, handling 0 rows
2025-06-11 14:39:01,481 - synapse.storage.databases.main.event_push_actions - 1770 - INFO - rotate_notifs-12 - Rotating notifications, deleted 0 push actions
2025-06-11 14:39:01,505 - synapse.util.caches.lrucache - 217 - INFO - LruCache._expire_old_entries-12 - Dropped 0 items from caches
2025-06-11 14:39:31,475 - synapse.storage.databases.main.event_push_actions - 1396 - INFO - rotate_notifs-13 - Rotating notifications
2025-06-11 14:39:31,475 - synapse.storage.databases.main.event_push_actions - 1599 - INFO - rotate_notifs-13 - Rotating notifications up to: 1
2025-06-11 14:39:31,477 - synapse.storage.databases.main.event_push_actions - 1685 - INFO - rotate_notifs-13 - Rotating notifications, handling 0 rows
2025-06-11 14:39:31,479 - synapse.storage.databases.main.event_push_actions - 1770 - INFO - rotate_notifs-13 - Rotating notifications, deleted 0 push actions
2025-06-11 14:39:31,504 - synapse.util.caches.lrucache - 217 - INFO - LruCache._expire_old_entries-13 - Dropped 0 items from caches
2025-06-11 14:39:49,344 - twisted - 279 - INFO - sentinel - Received SIGINT, shutting down.
2025-06-11 14:39:49,344 - synapse.storage.databases.main.lock - 113 - INFO - LockStore._on_shutdown-0 - Dropping held locks due to shutdown
2025-06-11 14:39:49,345 - synapse.storage.databases.main.lock - 124 - INFO - LockStore._on_shutdown-0 - Dropped locks due to shutdown
2025-06-11 14:39:49,345 - synapse.handlers.presence - 891 - INFO - presence.on_shutdown-0 - Performing _on_shutdown. Persisting 0 unpersisted changes
2025-06-11 14:39:49,345 - synapse.handlers.presence - 903 - INFO - presence.on_shutdown-0 - Finished _on_shutdown
2025-06-11 14:39:49,345 - synapse.app._base - 509 - INFO - sentinel - Shutting down...
2025-06-11 14:39:49,345 - twisted - 279 - INFO - sentinel - (TCP Port 8008 Closed)
2025-06-11 14:39:49,347 - twisted - 279 - INFO - sentinel - Main loop terminated.
2025-06-11 14:39:51,944 - root - 352 - WARNING - main - ***** STARTING SERVER *****
2025-06-11 14:39:51,944 - root - 353 - WARNING - main - Server /Users/victorwhyte/dev/orgs/kybershield/sayance/sayance-server/synapse/app/homeserver.py version 1.129.0 (b=feat/implement-otp,ebf549995)
2025-06-11 14:39:51,944 - root - 358 - WARNING - main - Copyright (c) 2023 New Vector, Inc
2025-06-11 14:39:51,944 - root - 359 - WARNING - main - Licensed under the AGPL 3.0 license. Website: https://github.com/element-hq/synapse
2025-06-11 14:39:51,944 - root - 362 - INFO - main - Server hostname: sayance.localhost
2025-06-11 14:39:51,944 - root - 363 - INFO - main - Public Base URL: https://sayance.localhost/
2025-06-11 14:39:51,944 - root - 364 - INFO - main - Instance name: master
2025-06-11 14:39:51,944 - root - 365 - INFO - main - Twisted reactor: SelectReactor
2025-06-11 14:39:51,944 - synapse.app.homeserver - 378 - INFO - main - Setting up server
2025-06-11 14:39:51,944 - synapse.server - 357 - INFO - main - Setting up.
2025-06-11 14:39:52,032 - synapse.storage.databases - 77 - INFO - main - [database config 'master']: Checking database server
2025-06-11 14:39:52,034 - synapse.storage.databases - 80 - INFO - main - [database config 'master']: Preparing for databases ['main', 'state']
2025-06-11 14:39:52,034 - synapse.storage.prepare_database - 135 - INFO - main - ['main', 'state']: Checking existing schema version
2025-06-11 14:39:52,037 - synapse.storage.prepare_database - 139 - INFO - main - ['main', 'state']: Existing schema is 92 (+3 deltas)
2025-06-11 14:39:52,037 - synapse.storage.databases.main - 395 - INFO - main - Checking database for consistency with configuration...
2025-06-11 14:39:52,038 - synapse.storage.prepare_database - 433 - INFO - main - Applying schema deltas for v92
2025-06-11 14:39:52,038 - synapse.storage.prepare_database - 568 - INFO - main - Schema now up to date
2025-06-11 14:39:52,039 - synapse.storage.databases - 95 - INFO - main - [database config 'master']: Starting 'main' database
2025-06-11 14:39:52,061 - synapse.storage.util.id_generators - 98 - INFO - main - Initialising stream generator for push_rules(id): 1
2025-06-11 14:39:52,062 - synapse.storage.util.id_generators - 98 - INFO - main - Initialising stream generator for push_rules_enable(id): 1
2025-06-11 14:39:52,066 - synapse.storage.databases.main.event_push_actions - 1242 - INFO - main - Searching for stream ordering 1 month ago
2025-06-11 14:39:52,066 - synapse.storage.databases.main.event_push_actions - 1246 - INFO - main - Found stream ordering 1 month ago: it's 0
2025-06-11 14:39:52,066 - synapse.storage.databases.main.event_push_actions - 1249 - INFO - main - Searching for stream ordering 1 day ago
2025-06-11 14:39:52,066 - synapse.storage.databases.main.event_push_actions - 1253 - INFO - main - Found stream ordering 1 day ago: it's 0
2025-06-11 14:39:52,068 - synapse.storage.util.id_generators - 98 - INFO - main - Initialising stream generator for access_tokens(id): 3
2025-06-11 14:39:52,069 - synapse.storage.util.id_generators - 98 - INFO - main - Initialising stream generator for refresh_tokens(id): 1
2025-06-11 14:39:52,070 - synapse.storage.util.id_generators - 98 - INFO - main - Initialising stream generator for event_reports(id): 1
2025-06-11 14:39:52,071 - synapse.storage.util.id_generators - 98 - INFO - main - Initialising stream generator for room_reports(id): 1
2025-06-11 14:39:52,077 - synapse.storage.databases - 112 - INFO - main - [database config 'master']: Starting 'state' database
2025-06-11 14:39:52,079 - synapse.storage.databases - 128 - INFO - main - [database config 'master']: prepared
2025-06-11 14:39:52,079 - synapse.server - 360 - INFO - main - Finished setting up.
2025-06-11 14:39:52,104 - synapse.push.pusher - 47 - INFO - main - email enable notifs: False
2025-06-11 14:39:52,105 - synapse.federation.federation_server - 1408 - INFO - main - Registering federation EDU handler for 'm.device_list_update'
2025-06-11 14:39:52,105 - synapse.federation.federation_server - 1428 - INFO - main - Registering federation query handler for 'profile'
2025-06-11 14:39:52,105 - synapse.federation.federation_server - 1408 - INFO - main - Registering federation EDU handler for 'm.presence'
2025-06-11 14:39:52,105 - synapse.federation.federation_server - 1408 - INFO - main - Registering federation EDU handler for 'm.typing'
2025-06-11 14:39:52,105 - synapse.federation.federation_server - 1428 - INFO - main - Registering federation query handler for 'directory'
2025-06-11 14:39:52,106 - synapse.federation.federation_server - 1408 - INFO - main - Registering federation EDU handler for 'm.signing_key_update'
2025-06-11 14:39:52,106 - synapse.federation.federation_server - 1408 - INFO - main - Registering federation EDU handler for 'org.matrix.signing_key_update'
2025-06-11 14:39:52,106 - synapse.federation.federation_server - 1428 - INFO - main - Registering federation query handler for 'client_keys'
2025-06-11 14:39:52,106 - twisted - 279 - INFO - main - Redirected stdout/stderr to logs
2025-06-11 14:39:52,106 - synapse.app.homeserver - 180 - INFO - sentinel - Running
2025-06-11 14:39:52,106 - synapse.app.homeserver - 36 - INFO - sentinel - Set file limit to: 9223372036854775807
2025-06-11 14:39:52,106 - synapse.metrics._gc - 127 - INFO - sentinel - Collecting gc 1
2025-06-11 14:39:52,109 - synapse.handlers.deactivate_account - 245 - INFO - user_parter_loop-0 - Starting user parter
2025-06-11 14:39:52,109 - synapse.util.caches.lrucache - 230 - INFO - sentinel - Expiring LRU caches after 1800 seconds
2025-06-11 14:39:52,112 - synapse.federation.federation_server - 1408 - INFO - sentinel - Registering federation EDU handler for 'm.receipt'
2025-06-11 14:39:52,112 - synapse.federation.federation_server - 1408 - INFO - sentinel - Registering federation EDU handler for 'm.direct_to_device'
2025-06-11 14:39:52,114 - synapse.util.httpresourcetree - 56 - INFO - sentinel - Attaching <synapse.rest.health.HealthResource object at 0x1101f4ad0> to path b'/health'
2025-06-11 14:39:52,114 - synapse.util.httpresourcetree - 56 - INFO - sentinel - Attaching <synapse.rest.ClientRestResource object at 0x1101f4c20> to path b'/_matrix/client'
2025-06-11 14:39:52,114 - synapse.util.httpresourcetree - 56 - INFO - sentinel - Attaching <twisted.web.resource.Resource object at 0x1107541a0> to path b'/.well-known'
2025-06-11 14:39:52,114 - synapse.util.httpresourcetree - 56 - INFO - sentinel - Attaching <synapse.http.server.JsonResource object at 0x11073b4d0> to path b'/_synapse/admin'
2025-06-11 14:39:52,114 - synapse.util.httpresourcetree - 56 - INFO - sentinel - Attaching <synapse.http.server.JsonResource object at 0x110745090> to path b'/_matrix/push/v1'
2025-06-11 14:39:52,114 - synapse.util.httpresourcetree - 56 - INFO - sentinel - Attaching <synapse.rest.synapse.client.pick_idp.PickIdpResource object at 0x110754590> to path b'/_synapse/client/pick_idp'
2025-06-11 14:39:52,114 - synapse.util.httpresourcetree - 56 - INFO - sentinel - Attaching <twisted.web.resource.Resource object at 0x110745450> to path b'/_synapse/client/pick_username'
2025-06-11 14:39:52,114 - synapse.util.httpresourcetree - 56 - INFO - sentinel - Attaching <synapse.rest.synapse.client.new_user_consent.NewUserConsentResource object at 0x110754ad0> to path b'/_synapse/client/new_user_consent'
2025-06-11 14:39:52,114 - synapse.util.httpresourcetree - 56 - INFO - sentinel - Attaching <synapse.rest.synapse.client.sso_register.SsoRegisterResource object at 0x110754c20> to path b'/_synapse/client/sso_register'
2025-06-11 14:39:52,114 - synapse.util.httpresourcetree - 56 - INFO - sentinel - Attaching <synapse.rest.synapse.client.unsubscribe.UnsubscribeResource object at 0x110754d70> to path b'/_synapse/client/unsubscribe'
2025-06-11 14:39:52,114 - synapse.util.httpresourcetree - 56 - INFO - sentinel - Attaching FilePath('/Users/victorwhyte/dev/orgs/kybershield/sayance/sayance-server/synapse/static') to path b'/_matrix/static'
2025-06-11 14:39:52,114 - synapse.util.httpresourcetree - 56 - INFO - sentinel - Attaching <synapse.rest.media.media_repository_resource.MediaRepositoryResource object at 0x110755160> to path b'/_matrix/media/r0'
2025-06-11 14:39:52,114 - synapse.util.httpresourcetree - 56 - INFO - sentinel - Attaching <synapse.rest.media.media_repository_resource.MediaRepositoryResource object at 0x110755160> to path b'/_matrix/media/v3'
2025-06-11 14:39:52,114 - synapse.util.httpresourcetree - 56 - INFO - sentinel - Attaching <synapse.rest.media.media_repository_resource.MediaRepositoryResource object at 0x110755160> to path b'/_matrix/media/v1'
2025-06-11 14:39:52,114 - synapse.util.httpresourcetree - 56 - INFO - sentinel - Attaching <synapse.federation.transport.server.TransportLayerServer object at 0x110755be0> to path b'/_matrix/federation'
2025-06-11 14:39:52,114 - synapse.util.httpresourcetree - 56 - INFO - sentinel - Attaching <synapse.rest.key.v2.KeyResource object at 0x11076c830> to path b'/_matrix/key'
2025-06-11 14:39:52,116 - twisted - 279 - INFO - sentinel - SynapseSite starting on 8008
2025-06-11 14:39:52,116 - synapse.app._base - 439 - INFO - sentinel - Synapse now listening on TCP port 8008
2025-06-11 14:39:52,155 - synapse.storage.background_updates - 410 - INFO - background_updates-0 - Starting background schema updates for database master
2025-06-11 14:39:52,157 - synapse.handlers.deactivate_account - 255 - INFO - user_parter_loop-0 - User parter finished: stopping
2025-06-11 14:39:52,157 - synapse.push.pusherpool - 372 - INFO - start_pushers-0 - Started pushers
2025-06-11 14:39:52,163 - synapse.storage.background_updates - 428 - INFO - background_updates-0 - No more background updates to do. Unscheduling background update task.
2025-06-11 14:39:54,688 - twisted - 279 - INFO - POST-0 - Verification code: 123456
2025-06-11 14:39:54,693 - synapse.handlers.phone_verification - 164 - INFO - POST-0 - MOCK SMS: Would send verification code 123456 to +2348166406459
2025-06-11 14:39:54,693 - synapse.rest.client.register - 1069 - INFO - POST-0 - SMS verification code sent successfully to +2348166406459
2025-06-11 14:39:54,693 - synapse.rest.client.register - 1076 - INFO - POST-0 - Phone verification initiated for +2348166406459, session: ZJaZIKDOiwBSLbmcwxvcfTcB, login, SMS sent: True
2025-06-11 14:39:54,694 - synapse.access.http.8008 - 508 - INFO - POST-0 - 127.0.0.1 - 8008 - {None} Processed request: 0.016sec/0.000sec (0.000sec, 0.000sec) (0.001sec/0.010sec/6) 70B 200 "POST /_matrix/client/v3/register/phone/requestToken HTTP/1.1" "PostmanRuntime/7.44.0" [0 dbevts]
2025-06-11 14:40:22,071 - synapse.storage.databases.main.event_push_actions - 1396 - INFO - rotate_notifs-0 - Rotating notifications
2025-06-11 14:40:22,075 - synapse.storage.databases.main.event_push_actions - 1599 - INFO - rotate_notifs-0 - Rotating notifications up to: 1
2025-06-11 14:40:22,077 - synapse.storage.databases.main.event_push_actions - 1685 - INFO - rotate_notifs-0 - Rotating notifications, handling 0 rows
2025-06-11 14:40:22,083 - synapse.storage.databases.main.event_push_actions - 1770 - INFO - rotate_notifs-0 - Rotating notifications, deleted 0 push actions
2025-06-11 14:40:22,109 - synapse.util.caches.lrucache - 217 - INFO - LruCache._expire_old_entries-0 - Dropped 0 items from caches
2025-06-11 14:40:25,338 - twisted - 279 - INFO - POST-1 - Verification code: 123456
2025-06-11 14:40:25,341 - synapse.handlers.phone_verification - 164 - INFO - POST-1 - MOCK SMS: Would send verification code 123456 to +2348166406459
2025-06-11 14:40:25,341 - synapse.rest.client.register - 1069 - INFO - POST-1 - SMS verification code sent successfully to +2348166406459
2025-06-11 14:40:25,341 - synapse.rest.client.register - 1076 - INFO - POST-1 - Phone verification initiated for +2348166406459, session: hDUVPtjjvuQWfijuOKtHmPya, login, SMS sent: True
2025-06-11 14:40:25,342 - synapse.access.http.8008 - 508 - INFO - POST-1 - 127.0.0.1 - 8008 - {None} Processed request: 0.010sec/0.000sec (0.000sec, 0.000sec) (0.001sec/0.007sec/6) 70B 200 "POST /_matrix/client/v3/register/phone/requestToken HTTP/1.1" "PostmanRuntime/7.44.0" [0 dbevts]
2025-06-11 14:40:25,995 - twisted - 279 - INFO - POST-2 - Verification code: 123456
2025-06-11 14:40:25,998 - synapse.handlers.phone_verification - 164 - INFO - POST-2 - MOCK SMS: Would send verification code 123456 to +2348166406459
2025-06-11 14:40:25,998 - synapse.rest.client.register - 1069 - INFO - POST-2 - SMS verification code sent successfully to +2348166406459
2025-06-11 14:40:25,998 - synapse.rest.client.register - 1076 - INFO - POST-2 - Phone verification initiated for +2348166406459, session: CdHpeciuWthkBdDUJITNUseZ, login, SMS sent: True
2025-06-11 14:40:25,999 - synapse.access.http.8008 - 508 - INFO - POST-2 - 127.0.0.1 - 8008 - {None} Processed request: 0.009sec/0.000sec (0.000sec, 0.000sec) (0.001sec/0.006sec/6) 70B 200 "POST /_matrix/client/v3/register/phone/requestToken HTTP/1.1" "PostmanRuntime/7.44.0" [0 dbevts]
2025-06-11 14:40:26,669 - twisted - 279 - INFO - POST-3 - Verification code: 123456
2025-06-11 14:40:26,671 - synapse.handlers.phone_verification - 164 - INFO - POST-3 - MOCK SMS: Would send verification code 123456 to +2348166406459
2025-06-11 14:40:26,671 - synapse.rest.client.register - 1069 - INFO - POST-3 - SMS verification code sent successfully to +2348166406459
2025-06-11 14:40:26,671 - synapse.rest.client.register - 1076 - INFO - POST-3 - Phone verification initiated for +2348166406459, session: zGGnOsJknDeVADOlwaaFUcqy, login, SMS sent: True
2025-06-11 14:40:26,671 - synapse.access.http.8008 - 508 - INFO - POST-3 - 127.0.0.1 - 8008 - {None} Processed request: 0.005sec/0.000sec (0.000sec, 0.000sec) (0.000sec/0.004sec/6) 70B 200 "POST /_matrix/client/v3/register/phone/requestToken HTTP/1.1" "PostmanRuntime/7.44.0" [0 dbevts]
2025-06-11 14:40:52,071 - synapse.storage.databases.main.event_push_actions - 1396 - INFO - rotate_notifs-1 - Rotating notifications
2025-06-11 14:40:52,072 - synapse.storage.databases.main.event_push_actions - 1599 - INFO - rotate_notifs-1 - Rotating notifications up to: 1
2025-06-11 14:40:52,076 - synapse.storage.databases.main.event_push_actions - 1685 - INFO - rotate_notifs-1 - Rotating notifications, handling 0 rows
2025-06-11 14:40:52,078 - synapse.storage.databases.main.event_push_actions - 1770 - INFO - rotate_notifs-1 - Rotating notifications, deleted 0 push actions
2025-06-11 14:40:52,111 - synapse.util.caches.lrucache - 217 - INFO - LruCache._expire_old_entries-1 - Dropped 0 items from caches
2025-06-11 14:41:22,072 - synapse.storage.databases.main.event_push_actions - 1396 - INFO - rotate_notifs-2 - Rotating notifications
2025-06-11 14:41:22,074 - synapse.storage.databases.main.event_push_actions - 1599 - INFO - rotate_notifs-2 - Rotating notifications up to: 1
2025-06-11 14:41:22,076 - synapse.storage.databases.main.event_push_actions - 1685 - INFO - rotate_notifs-2 - Rotating notifications, handling 0 rows
2025-06-11 14:41:22,079 - synapse.storage.databases.main.event_push_actions - 1770 - INFO - rotate_notifs-2 - Rotating notifications, deleted 0 push actions
2025-06-11 14:41:22,110 - synapse.util.caches.lrucache - 217 - INFO - LruCache._expire_old_entries-2 - Dropped 0 items from caches
2025-06-11 14:41:26,676 - twisted - 279 - INFO - sentinel - Timing out client: IPv4Address(type='TCP', host='127.0.0.1', port=60574)
2025-06-11 14:41:52,072 - synapse.storage.databases.main.event_push_actions - 1396 - INFO - rotate_notifs-3 - Rotating notifications
2025-06-11 14:41:52,074 - synapse.storage.databases.main.event_push_actions - 1599 - INFO - rotate_notifs-3 - Rotating notifications up to: 1
2025-06-11 14:41:52,078 - synapse.storage.databases.main.event_push_actions - 1685 - INFO - rotate_notifs-3 - Rotating notifications, handling 0 rows
2025-06-11 14:41:52,082 - synapse.storage.databases.main.event_push_actions - 1770 - INFO - rotate_notifs-3 - Rotating notifications, deleted 0 push actions
2025-06-11 14:41:52,109 - synapse.util.caches.lrucache - 217 - INFO - LruCache._expire_old_entries-3 - Dropped 0 items from caches
2025-06-11 14:42:22,072 - synapse.storage.databases.main.event_push_actions - 1396 - INFO - rotate_notifs-4 - Rotating notifications
2025-06-11 14:42:22,075 - synapse.storage.databases.main.event_push_actions - 1599 - INFO - rotate_notifs-4 - Rotating notifications up to: 1
2025-06-11 14:42:22,078 - synapse.storage.databases.main.event_push_actions - 1685 - INFO - rotate_notifs-4 - Rotating notifications, handling 0 rows
2025-06-11 14:42:22,083 - synapse.storage.databases.main.event_push_actions - 1770 - INFO - rotate_notifs-4 - Rotating notifications, deleted 0 push actions
2025-06-11 14:42:22,109 - synapse.util.caches.lrucache - 217 - INFO - LruCache._expire_old_entries-4 - Dropped 0 items from caches
2025-06-11 14:42:52,072 - synapse.storage.databases.main.event_push_actions - 1396 - INFO - rotate_notifs-5 - Rotating notifications
2025-06-11 14:42:52,074 - synapse.storage.databases.main.event_push_actions - 1599 - INFO - rotate_notifs-5 - Rotating notifications up to: 1
2025-06-11 14:42:52,075 - synapse.storage.databases.main.event_push_actions - 1685 - INFO - rotate_notifs-5 - Rotating notifications, handling 0 rows
2025-06-11 14:42:52,078 - synapse.storage.databases.main.event_push_actions - 1770 - INFO - rotate_notifs-5 - Rotating notifications, deleted 0 push actions
2025-06-11 14:42:52,110 - synapse.util.caches.lrucache - 217 - INFO - LruCache._expire_old_entries-5 - Dropped 0 items from caches
2025-06-11 14:43:22,071 - synapse.storage.databases.main.event_push_actions - 1396 - INFO - rotate_notifs-6 - Rotating notifications
2025-06-11 14:43:22,072 - synapse.storage.databases.main.event_push_actions - 1599 - INFO - rotate_notifs-6 - Rotating notifications up to: 1
2025-06-11 14:43:22,075 - synapse.storage.databases.main.event_push_actions - 1685 - INFO - rotate_notifs-6 - Rotating notifications, handling 0 rows
2025-06-11 14:43:22,078 - synapse.storage.databases.main.event_push_actions - 1770 - INFO - rotate_notifs-6 - Rotating notifications, deleted 0 push actions
2025-06-11 14:43:22,109 - synapse.util.caches.lrucache - 217 - INFO - LruCache._expire_old_entries-6 - Dropped 0 items from caches
2025-06-11 14:43:52,071 - synapse.storage.databases.main.event_push_actions - 1396 - INFO - rotate_notifs-7 - Rotating notifications
2025-06-11 14:43:52,073 - synapse.storage.databases.main.event_push_actions - 1599 - INFO - rotate_notifs-7 - Rotating notifications up to: 1
2025-06-11 14:43:52,075 - synapse.storage.databases.main.event_push_actions - 1685 - INFO - rotate_notifs-7 - Rotating notifications, handling 0 rows
2025-06-11 14:43:52,077 - synapse.storage.databases.main.event_push_actions - 1770 - INFO - rotate_notifs-7 - Rotating notifications, deleted 0 push actions
2025-06-11 14:43:52,111 - synapse.util.caches.lrucache - 217 - INFO - LruCache._expire_old_entries-7 - Dropped 0 items from caches
2025-06-11 14:44:22,071 - synapse.storage.databases.main.event_push_actions - 1396 - INFO - rotate_notifs-8 - Rotating notifications
2025-06-11 14:44:22,073 - synapse.storage.databases.main.event_push_actions - 1599 - INFO - rotate_notifs-8 - Rotating notifications up to: 1
2025-06-11 14:44:22,075 - synapse.storage.databases.main.event_push_actions - 1685 - INFO - rotate_notifs-8 - Rotating notifications, handling 0 rows
2025-06-11 14:44:22,080 - synapse.storage.databases.main.event_push_actions - 1770 - INFO - rotate_notifs-8 - Rotating notifications, deleted 0 push actions
2025-06-11 14:44:22,111 - synapse.util.caches.lrucache - 217 - INFO - LruCache._expire_old_entries-8 - Dropped 0 items from caches
2025-06-11 14:44:52,072 - synapse.storage.databases.main.event_push_actions - 1396 - INFO - rotate_notifs-9 - Rotating notifications
2025-06-11 14:44:52,073 - synapse.storage.databases.main.event_push_actions - 1599 - INFO - rotate_notifs-9 - Rotating notifications up to: 1
2025-06-11 14:44:52,075 - synapse.storage.databases.main.event_push_actions - 1685 - INFO - rotate_notifs-9 - Rotating notifications, handling 0 rows
2025-06-11 14:44:52,078 - synapse.storage.databases.main.event_push_actions - 1770 - INFO - rotate_notifs-9 - Rotating notifications, deleted 0 push actions
2025-06-11 14:44:52,112 - synapse.util.caches.lrucache - 217 - INFO - LruCache._expire_old_entries-9 - Dropped 0 items from caches
2025-06-11 14:44:52,117 - synapse.storage.databases.main.metrics - 399 - INFO - generate_user_daily_visits-0 - Calling _generate_user_daily_visits
2025-06-11 14:53:05,924 - synapse.util.caches.lrucache - 217 - INFO - LruCache._expire_old_entries-10 - Dropped 0 items from caches
2025-06-11 14:53:05,945 - synapse.storage.databases.main.event_push_actions - 1242 - INFO - event_push_action_stream_orderings-0 - Searching for stream ordering 1 month ago
2025-06-11 14:53:05,946 - synapse.storage.databases.main.metrics - 399 - INFO - generate_user_daily_visits-1 - Calling _generate_user_daily_visits
2025-06-11 14:53:05,947 - synapse.storage.databases.main.event_push_actions - 1246 - INFO - event_push_action_stream_orderings-0 - Found stream ordering 1 month ago: it's 0
2025-06-11 14:53:05,947 - synapse.storage.databases.main.event_push_actions - 1249 - INFO - event_push_action_stream_orderings-0 - Searching for stream ordering 1 day ago
2025-06-11 14:53:05,947 - synapse.storage.databases.main.event_push_actions - 1253 - INFO - event_push_action_stream_orderings-0 - Found stream ordering 1 day ago: it's 0
2025-06-11 14:53:06,030 - synapse.storage.databases.main.event_push_actions - 1396 - INFO - rotate_notifs-10 - Rotating notifications
2025-06-11 14:53:06,053 - synapse.storage.databases.main.event_push_actions - 1599 - INFO - rotate_notifs-10 - Rotating notifications up to: 1
2025-06-11 14:53:06,250 - synapse.storage.databases.main.event_push_actions - 1685 - INFO - rotate_notifs-10 - Rotating notifications, handling 0 rows
2025-06-11 14:53:06,257 - synapse.storage.databases.main.event_push_actions - 1770 - INFO - rotate_notifs-10 - Rotating notifications, deleted 0 push actions
2025-06-11 14:53:22,070 - synapse.storage.databases.main.event_push_actions - 1396 - INFO - rotate_notifs-11 - Rotating notifications
2025-06-11 14:53:22,071 - synapse.storage.databases.main.event_push_actions - 1599 - INFO - rotate_notifs-11 - Rotating notifications up to: 1
2025-06-11 14:53:22,073 - synapse.storage.databases.main.event_push_actions - 1685 - INFO - rotate_notifs-11 - Rotating notifications, handling 0 rows
2025-06-11 14:53:22,076 - synapse.storage.databases.main.event_push_actions - 1770 - INFO - rotate_notifs-11 - Rotating notifications, deleted 0 push actions
2025-06-11 14:53:22,109 - synapse.util.caches.lrucache - 217 - INFO - LruCache._expire_old_entries-11 - Dropped 0 items from caches
2025-06-11 14:53:52,071 - synapse.storage.databases.main.event_push_actions - 1396 - INFO - rotate_notifs-12 - Rotating notifications
2025-06-11 14:53:52,072 - synapse.storage.databases.main.event_push_actions - 1599 - INFO - rotate_notifs-12 - Rotating notifications up to: 1
2025-06-11 14:53:52,074 - synapse.storage.databases.main.event_push_actions - 1685 - INFO - rotate_notifs-12 - Rotating notifications, handling 0 rows
2025-06-11 14:53:52,077 - synapse.storage.databases.main.event_push_actions - 1770 - INFO - rotate_notifs-12 - Rotating notifications, deleted 0 push actions
2025-06-11 14:53:52,112 - synapse.util.caches.lrucache - 217 - INFO - LruCache._expire_old_entries-12 - Dropped 0 items from caches
